<?xml version="1.0" encoding="UTF-8"?>
<!-- Generated by org.testng.reporters.JUnitReportReporter -->
<testsuite hostname="L-SHC-00802871" name="com.mycompany.myselion.sample.selion.YamlPoweredDataDrivenTest" tests="69" failures="0" timestamp="29 Apr 2016 06:35:19 GMT" time="0.579" errors="0">
  <testcase name="testDataProviderGetDocumentSeparatedUsers" time="0.003" classname="com.mycompany.myselion.sample.selion.YamlPoweredDataDrivenTest"/>
  <testcase name="testDataProviderGetListOfAssociativeArrays" time="0.002" classname="com.mycompany.myselion.sample.selion.YamlPoweredDataDrivenTest"/>
  <testcase name="howToGetDataByMultipleKeys" time="0.019" classname="com.mycompany.myselion.sample.selion.YamlPoweredDataDrivenTest"/>
  <testcase name="testDataProviderGetListOfAssociativeArrays" time="0.004" classname="com.mycompany.myselion.sample.selion.YamlPoweredDataDrivenTest"/>
  <testcase name="testDataProviderGetDocumentSeparatedUsers" time="0.004" classname="com.mycompany.myselion.sample.selion.YamlPoweredDataDrivenTest"/>
  <testcase name="testDataProviderGetListOfLists" time="0.004" classname="com.mycompany.myselion.sample.selion.YamlPoweredDataDrivenTest"/>
  <testcase name="testDataProviderGetDataByIndex" time="0.004" classname="com.mycompany.myselion.sample.selion.YamlPoweredDataDrivenTest"/>
  <testcase name="testDataProviderGetStringList" time="0.004" classname="com.mycompany.myselion.sample.selion.YamlPoweredDataDrivenTest"/>
  <testcase name="testDataProviderGetDataByIndex" time="0.003" classname="com.mycompany.myselion.sample.selion.YamlPoweredDataDrivenTest"/>
  <testcase name="testDataProviderGetDocumentSeparatedUsers" time="0.003" classname="com.mycompany.myselion.sample.selion.YamlPoweredDataDrivenTest"/>
  <testcase name="testDataProviderGetListOfAssociativeArrays" time="0.003" classname="com.mycompany.myselion.sample.selion.YamlPoweredDataDrivenTest"/>
  <testcase name="testDataProviderGetAssociativeArrayOfArrays" time="0.004" classname="com.mycompany.myselion.sample.selion.YamlPoweredDataDrivenTest"/>
  <testcase name="testDataProviderGetDataByKeys" time="0.004" classname="com.mycompany.myselion.sample.selion.YamlPoweredDataDrivenTest"/>
  <testcase name="howToGetAllDataFromMap" time="0.025" classname="com.mycompany.myselion.sample.selion.YamlPoweredDataDrivenTest"/>
  <testcase name="testDataProviderGetDocumentSeparatedLists" time="0.003" classname="com.mycompany.myselion.sample.selion.YamlPoweredDataDrivenTest"/>
  <testcase name="testDataProviderGetListOfUsers" time="0.003" classname="com.mycompany.myselion.sample.selion.YamlPoweredDataDrivenTest"/>
  <testcase name="testDataProviderGetMultipleArguments" time="0.002" classname="com.mycompany.myselion.sample.selion.YamlPoweredDataDrivenTest"/>
  <testcase name="testDataProviderGetStringList" time="0.002" classname="com.mycompany.myselion.sample.selion.YamlPoweredDataDrivenTest"/>
  <testcase name="testDataProviderGetDocumentSeparatedUsers" time="0.003" classname="com.mycompany.myselion.sample.selion.YamlPoweredDataDrivenTest"/>
  <testcase name="testDataProviderGetListOfAssociativeArrays" time="0.003" classname="com.mycompany.myselion.sample.selion.YamlPoweredDataDrivenTest"/>
  <testcase name="testDataProviderGetListOfUsers" time="0.003" classname="com.mycompany.myselion.sample.selion.YamlPoweredDataDrivenTest"/>
  <testcase name="howToGetDataByARangeOfIndexes" time="0.028" classname="com.mycompany.myselion.sample.selion.YamlPoweredDataDrivenTest"/>
  <testcase name="testDataProviderGetDocumentSeparatedLists" time="0.003" classname="com.mycompany.myselion.sample.selion.YamlPoweredDataDrivenTest"/>
  <testcase name="testDataProviderGetList" time="0.002" classname="com.mycompany.myselion.sample.selion.YamlPoweredDataDrivenTest"/>
  <testcase name="testDataProviderGetList" time="0.002" classname="com.mycompany.myselion.sample.selion.YamlPoweredDataDrivenTest"/>
  <testcase name="testDataProviderGetDataByIndex" time="0.004" classname="com.mycompany.myselion.sample.selion.YamlPoweredDataDrivenTest"/>
  <testcase name="testDataProviderGetDocumentSeparatedUsers" time="0.003" classname="com.mycompany.myselion.sample.selion.YamlPoweredDataDrivenTest"/>
  <testcase name="testDataProviderGetAssociativeArrayOfUsers" time="0.005" classname="com.mycompany.myselion.sample.selion.YamlPoweredDataDrivenTest"/>
  <testcase name="testDataProviderGetAssociativeArrayOfUsers" time="0.006" classname="com.mycompany.myselion.sample.selion.YamlPoweredDataDrivenTest"/>
  <testcase name="howToGetDataByASingleKey" time="0.014" classname="com.mycompany.myselion.sample.selion.YamlPoweredDataDrivenTest"/>
  <testcase name="testDataProviderGetListOfLists" time="0.002" classname="com.mycompany.myselion.sample.selion.YamlPoweredDataDrivenTest"/>
  <testcase name="testDataProviderGetMultipleArguments" time="0.002" classname="com.mycompany.myselion.sample.selion.YamlPoweredDataDrivenTest"/>
  <testcase name="testDataProviderGetDocumentSeparatedUsers" time="0.004" classname="com.mycompany.myselion.sample.selion.YamlPoweredDataDrivenTest"/>
  <testcase name="testDataProviderGetDocumentSeparatedLists" time="0.003" classname="com.mycompany.myselion.sample.selion.YamlPoweredDataDrivenTest"/>
  <testcase name="testDataProviderGetStringList" time="0.003" classname="com.mycompany.myselion.sample.selion.YamlPoweredDataDrivenTest"/>
  <testcase name="testDataProviderGetDataByKeys" time="0.005" classname="com.mycompany.myselion.sample.selion.YamlPoweredDataDrivenTest"/>
  <testcase name="testDataProviderGetMultipleArguments" time="0.003" classname="com.mycompany.myselion.sample.selion.YamlPoweredDataDrivenTest"/>
  <testcase name="howToGetAllDataFromStringList" time="0.014" classname="com.mycompany.myselion.sample.selion.YamlPoweredDataDrivenTest"/>
  <testcase name="testDataProviderGetListOfUsers" time="0.003" classname="com.mycompany.myselion.sample.selion.YamlPoweredDataDrivenTest"/>
  <testcase name="testDataProviderGetListOfUsers" time="0.003" classname="com.mycompany.myselion.sample.selion.YamlPoweredDataDrivenTest"/>
  <testcase name="testDataProviderGetAssociativeArray" time="0.004" classname="com.mycompany.myselion.sample.selion.YamlPoweredDataDrivenTest"/>
  <testcase name="testDataProviderGetListOfUsers" time="0.003" classname="com.mycompany.myselion.sample.selion.YamlPoweredDataDrivenTest"/>
  <testcase name="testDataProviderGetDataByIndex" time="0.003" classname="com.mycompany.myselion.sample.selion.YamlPoweredDataDrivenTest"/>
  <testcase name="testDataProviderGetAssociativeArrayOfLists" time="0.004" classname="com.mycompany.myselion.sample.selion.YamlPoweredDataDrivenTest"/>
  <testcase name="testDataProviderGetDocumentSeparatedLists" time="0.003" classname="com.mycompany.myselion.sample.selion.YamlPoweredDataDrivenTest"/>
  <testcase name="howToGetDataByIndividualAndRangeOfIndexes" time="0.024" classname="com.mycompany.myselion.sample.selion.YamlPoweredDataDrivenTest"/>
  <testcase name="testDataProviderGetMultipleArguments" time="0.003" classname="com.mycompany.myselion.sample.selion.YamlPoweredDataDrivenTest"/>
  <testcase name="testDataProviderGetListOfAssociativeArrays" time="0.003" classname="com.mycompany.myselion.sample.selion.YamlPoweredDataDrivenTest"/>
  <testcase name="howToGetAllDataFromList" time="0.026" classname="com.mycompany.myselion.sample.selion.YamlPoweredDataDrivenTest"/>
  <testcase name="testDataProviderGetDataByKeys" time="0.005" classname="com.mycompany.myselion.sample.selion.YamlPoweredDataDrivenTest"/>
  <testcase name="testDataProviderGetList" time="0.002" classname="com.mycompany.myselion.sample.selion.YamlPoweredDataDrivenTest"/>
  <testcase name="howToGetAllDataAsHashtable" time="0.135" classname="com.mycompany.myselion.sample.selion.YamlPoweredDataDrivenTest"/>
  <testcase name="testDataProviderGetListOfAssociativeArrays" time="0.004" classname="com.mycompany.myselion.sample.selion.YamlPoweredDataDrivenTest"/>
  <testcase name="howToGetAllDataFromDocuments" time="0.033" classname="com.mycompany.myselion.sample.selion.YamlPoweredDataDrivenTest"/>
  <testcase name="testDataProviderGetDataByIndex" time="0.003" classname="com.mycompany.myselion.sample.selion.YamlPoweredDataDrivenTest"/>
  <testcase name="testDataProviderGetListOfUsers" time="0.003" classname="com.mycompany.myselion.sample.selion.YamlPoweredDataDrivenTest"/>
  <testcase name="testDataProviderGetAssociativeArrayOfUsers" time="0.004" classname="com.mycompany.myselion.sample.selion.YamlPoweredDataDrivenTest"/>
  <testcase name="testDataProviderGetDataByIndex" time="0.004" classname="com.mycompany.myselion.sample.selion.YamlPoweredDataDrivenTest"/>
  <testcase name="testDataProviderGetAssociativeArrayOfArrays" time="0.005" classname="com.mycompany.myselion.sample.selion.YamlPoweredDataDrivenTest"/>
  <testcase name="testDataProviderGetAssociativeArrayOfLists" time="0.005" classname="com.mycompany.myselion.sample.selion.YamlPoweredDataDrivenTest"/>
  <testcase name="howToGetDataByASingleIndex" time="0.016" classname="com.mycompany.myselion.sample.selion.YamlPoweredDataDrivenTest"/>
  <testcase name="testDataProviderGetMultipleArguments" time="0.004" classname="com.mycompany.myselion.sample.selion.YamlPoweredDataDrivenTest"/>
  <testcase name="testDataProviderGetAssociativeArrayOfUsers" time="0.004" classname="com.mycompany.myselion.sample.selion.YamlPoweredDataDrivenTest"/>
  <testcase name="testDataProviderGetDataByKeys" time="0.003" classname="com.mycompany.myselion.sample.selion.YamlPoweredDataDrivenTest"/>
  <testcase name="testDataProviderGetMultipleArguments" time="0.003" classname="com.mycompany.myselion.sample.selion.YamlPoweredDataDrivenTest"/>
  <testcase name="testDataProviderGetAssociativeArrayOfUsers" time="0.005" classname="com.mycompany.myselion.sample.selion.YamlPoweredDataDrivenTest"/>
  <testcase name="howToGetDataByMultipleIndexes" time="0.025" classname="com.mycompany.myselion.sample.selion.YamlPoweredDataDrivenTest"/>
  <testcase name="howToGetAllDataFromTaggedList" time="0.024" classname="com.mycompany.myselion.sample.selion.YamlPoweredDataDrivenTest"/>
  <testcase name="testDataProviderGetAssociativeArray" time="0.005" classname="com.mycompany.myselion.sample.selion.YamlPoweredDataDrivenTest"/>
</testsuite> <!-- com.mycompany.myselion.sample.selion.YamlPoweredDataDrivenTest -->
