<?xml version="1.0" encoding="UTF-8"?>
<!-- Generated by org.testng.reporters.JUnitReportReporter -->
<testsuite hostname="L-SHC-00802871" name="com.mycompany.myselion.sample.selion.SimpleDataDrivenTest" tests="3" failures="0" timestamp="29 Apr 2016 06:35:19 GMT" time="0.022" errors="0">
  <testcase name="testExcelDataValues" time="0.008" classname="com.mycompany.myselion.sample.selion.SimpleDataDrivenTest"/>
  <testcase name="testExcelDataValues" time="0.007" classname="com.mycompany.myselion.sample.selion.SimpleDataDrivenTest"/>
  <testcase name="testExcelDataValues" time="0.007" classname="com.mycompany.myselion.sample.selion.SimpleDataDrivenTest"/>
</testsuite> <!-- com.mycompany.myselion.sample.selion.SimpleDataDrivenTest -->
