<?xml version="1.0" encoding="UTF-8"?>
<!-- Generated by org.testng.reporters.JUnitReportReporter -->
<testsuite hostname="L-SHC-00802871" name="com.mycompany.myselion.sample.selion.SimpleDataDrivenWithSelectiveRowsTest" tests="3" failures="0" timestamp="29 Apr 2016 06:35:19 GMT" time="0.039" errors="0">
  <testcase name="testExcelDataValues" time="0.010" classname="com.mycompany.myselion.sample.selion.SimpleDataDrivenWithSelectiveRowsTest"/>
  <testcase name="testHowManyRowsWereRead" time="0.013" classname="com.mycompany.myselion.sample.selion.SimpleDataDrivenWithSelectiveRowsTest"/>
  <testcase name="testExcelDataValues" time="0.016" classname="com.mycompany.myselion.sample.selion.SimpleDataDrivenWithSelectiveRowsTest"/>
</testsuite> <!-- com.mycompany.myselion.sample.selion.SimpleDataDrivenWithSelectiveRowsTest -->
